-----------------------------------------------------------------------------------------------------------------------------------------------------------------------------------------------
      name:  <unnamed>
       log:  D:\Education\Minnesota\WOrg PhD Program\2022 Fall\PA 8302 Applied Policy Analysis\assignment-02\dummyout-cps-asec-example.log
  log type:  text
 opened on:   9 Oct 2022, 13:00:39

. 
. * import data
. use CPS2021_union_good, clear

. 
. * describe the categorical variable: firmsize
. d    firmsize race

              storage   display    value
variable name   type    format     label      variable label
-----------------------------------------------------------------------------------------------------------------------------------------------------------------------------------------------
firmsize        byte    %10.0g     firmsize_lbl
                                              Number of employees
race            float   %9.0g      newrace    Race (4 categories)

. tab1 firmsize race

-> tabulation of firmsize  

  Number of |
  employees |      Freq.     Percent        Cum.
------------+-----------------------------------
   Under 10 |      1,014       11.45       11.45
   10 to 24 |      1,136       12.82       24.27
   25 to 99 |        665        7.51       31.78
 100 to 499 |      1,125       12.70       44.48
 500 to 999 |        543        6.13       50.61
      1000+ |      4,375       49.39      100.00
------------+-----------------------------------
      Total |      8,858      100.00

-> tabulation of race  

    Race (4 |
categories) |      Freq.     Percent        Cum.
------------+-----------------------------------
      White |      7,127       80.46       80.46
      Black |        893       10.08       90.54
      Asian |        558        6.30       96.84
      Other |        280        3.16      100.00
------------+-----------------------------------
      Total |      8,858      100.00

. 
. * add numbers to the value label & tabulate
. numlabel firmsize_lbl newrace, add

. tab1     firmsize race

-> tabulation of firmsize  

    Number of |
    employees |      Freq.     Percent        Cum.
--------------+-----------------------------------
  1. Under 10 |      1,014       11.45       11.45
  2. 10 to 24 |      1,136       12.82       24.27
  5. 25 to 99 |        665        7.51       31.78
7. 100 to 499 |      1,125       12.70       44.48
8. 500 to 999 |        543        6.13       50.61
     9. 1000+ |      4,375       49.39      100.00
--------------+-----------------------------------
        Total |      8,858      100.00

-> tabulation of race  

    Race (4 |
categories) |      Freq.     Percent        Cum.
------------+-----------------------------------
   1. White |      7,127       80.46       80.46
   2. Black |        893       10.08       90.54
   3. Asian |        558        6.30       96.84
   4. Other |        280        3.16      100.00
------------+-----------------------------------
      Total |      8,858      100.00

. 
. * dummyout: as you will see, the suffix matches the values 
. dummyout firmsize race
dummy variable(s) created for: firmsize
dummy variable(s) created for: race

. d firmsize_1 firmsize_2 firmsize_5 firmsize_7 firmsize_8 firmsize_9 race_1 race_2 race_3 race_4

              storage   display    value
variable name   type    format     label      variable label
-----------------------------------------------------------------------------------------------------------------------------------------------------------------------------------------------
firmsize_1      float   %9.0g                 1. Under 10
firmsize_2      float   %9.0g                 2. 10 to 24
firmsize_5      float   %9.0g                 5. 25 to 99
firmsize_7      float   %9.0g                 7. 100 to 499
firmsize_8      float   %9.0g                 8. 500 to 999
firmsize_9      float   %9.0g                 9. 1000+
race_1          float   %9.0g                 1. White
race_2          float   %9.0g                 2. Black
race_3          float   %9.0g                 3. Asian
race_4          float   %9.0g                 4. Other

. 
. * alternatively, the suffix does match the values when using tab(),gen()
. drop firmsize_* race_*

. 
. foreach var of varlist firmsize race {
  2.         qui tab(`var'), gen(`var'_)
  3. }

. 
. d firmsize_1 firmsize_2 firmsize_3 firmsize_4 firmsize_5 firmsize_6 race_1 race_2 race_3 race_4

              storage   display    value
variable name   type    format     label      variable label
-----------------------------------------------------------------------------------------------------------------------------------------------------------------------------------------------
firmsize_1      byte    %8.0g                 firmsize==1. Under 10
firmsize_2      byte    %8.0g                 firmsize==2. 10 to 24
firmsize_3      byte    %8.0g                 firmsize==5. 25 to 99
firmsize_4      byte    %8.0g                 firmsize==7. 100 to 499
firmsize_5      byte    %8.0g                 firmsize==8. 500 to 999
firmsize_6      byte    %8.0g                 firmsize==9. 1000+
race_1          byte    %8.0g                 race==1. White
race_2          byte    %8.0g                 race==2. Black
race_3          byte    %8.0g                 race==3. Asian
race_4          byte    %8.0g                 race==4. Other

. 
end of do-file

. exit, clear
